<?xml version="1.0" encoding="UTF-8"?>
<!-- Generated by org.testng.reporters.JUnitReportReporter -->
<testsuite skipped="0" hostname="DESKTOP-104VMAQ" name="com.performance.code.flowcode.FlowcodeApplicationTests" tests="2" failures="0" timestamp="08 Feb 2021 17:35:53 GMT" time="0.101" errors="0">
  <testcase name="contextLoads" time="0.001" classname="com.performance.code.flowcode.FlowcodeApplicationTests"/>
  <testcase name="testInvocationCount" time="0.100" classname="com.performance.code.flowcode.FlowcodeApplicationTests"/>
</testsuite> <!-- com.performance.code.flowcode.FlowcodeApplicationTests -->
