<?xml version="1.0" encoding="UTF-8"?>
<!-- Generated by org.testng.reporters.JUnitReportReporter -->
<testsuite skipped="0" hostname="DESKTOP-104VMAQ" name="com.performance.code.flowcode.TestsProductsMethods.ImperativeProductsTests" tests="1" failures="0" timestamp="08 Feb 2021 17:35:53 GMT" time="0.000" errors="0">
  <testcase name="contextLoads" time="0.000" classname="com.performance.code.flowcode.TestsProductsMethods.ImperativeProductsTests"/>
</testsuite> <!-- com.performance.code.flowcode.TestsProductsMethods.ImperativeProductsTests -->
